<?xml version="1.0" encoding="UTF-8" ?>
<testsuite failures="0" time="0.044" errors="2" skipped="0" tests="2" name="com.agoda.test.AggregatorServiceTest">
  <properties>
[...]
</properties>
  <testcase time="0.004" classname="com.agoda.test.AggregatorServiceTest" name="testCountEventsSuccess">
    <error message="The default test container factory, null, could not be instantiated" type="com.sun.jersey.test.framework.spi.container.TestContainerException">com.sun.jersey.test.framework.spi.container.TestContainerException: The default test container factory, null, could not be instantiated
	at com.sun.jersey.test.framework.JerseyTest.getDefaultTestContainerFactory(JerseyTest.java:408)
	at com.sun.jersey.test.framework.JerseyTest.getTestContainerFactory(JerseyTest.java:273)
	at com.sun.jersey.test.framework.JerseyTest.&lt;init&gt;(JerseyTest.java:165)
	at com.agoda.test.AggregatorServiceTest.&lt;init&gt;(AggregatorServiceTest.java:18)
	at sun.reflect.NativeConstructorAccessorImpl.newInstance0(Native Method)
	at sun.reflect.NativeConstructorAccessorImpl.newInstance(NativeConstructorAccessorImpl.java:39)
	at sun.reflect.DelegatingConstructorAccessorImpl.newInstance(DelegatingConstructorAccessorImpl.java:27)
	at java.lang.reflect.Constructor.newInstance(Constructor.java:513)
	at org.junit.internal.runners.JUnit4ClassRunner.createTest(JUnit4ClassRunner.java:72)
	at org.junit.internal.runners.JUnit4ClassRunner.invokeTestMethod(JUnit4ClassRunner.java:79)
	at org.junit.internal.runners.JUnit4ClassRunner.runMethods(JUnit4ClassRunner.java:51)
	at org.junit.internal.runners.JUnit4ClassRunner$1.run(JUnit4ClassRunner.java:44)
	at org.junit.internal.runners.ClassRoadie.runUnprotected(ClassRoadie.java:27)
	at org.junit.internal.runners.ClassRoadie.runProtected(ClassRoadie.java:37)
	at org.junit.internal.runners.JUnit4ClassRunner.run(JUnit4ClassRunner.java:42)
	at org.apache.maven.surefire.junit4.JUnit4TestSet.execute(JUnit4TestSet.java:62)
	at org.apache.maven.surefire.suite.AbstractDirectoryTestSuite.executeTestSet(AbstractDirectoryTestSuite.java:140)
	at org.apache.maven.surefire.suite.AbstractDirectoryTestSuite.execute(AbstractDirectoryTestSuite.java:127)
	at org.apache.maven.surefire.Surefire.run(Surefire.java:177)
	at sun.reflect.NativeMethodAccessorImpl.invoke0(Native Method)
	at sun.reflect.NativeMethodAccessorImpl.invoke(NativeMethodAccessorImpl.java:39)
	at sun.reflect.DelegatingMethodAccessorImpl.invoke(DelegatingMethodAccessorImpl.java:25)
	at java.lang.reflect.Method.invoke(Method.java:597)
	at org.apache.maven.surefire.booter.SurefireBooter.runSuitesInProcess(SurefireBooter.java:345)
	at org.apache.maven.surefire.booter.SurefireBooter.main(SurefireBooter.java:1009)
Caused by: java.lang.NullPointerException
	at com.sun.jersey.test.framework.JerseyTest.getDefaultTestContainerFactory(JerseyTest.java:406)
	... 24 more
</error>
  </testcase>
  <testcase time="0" classname="com.agoda.test.AggregatorServiceTest" name="testCountEvents">
    <error message="The default test container factory, null, could not be instantiated" type="com.sun.jersey.test.framework.spi.container.TestContainerException">com.sun.jersey.test.framework.spi.container.TestContainerException: The default test container factory, null, could not be instantiated
	at com.sun.jersey.test.framework.JerseyTest.getDefaultTestContainerFactory(JerseyTest.java:408)
	at com.sun.jersey.test.framework.JerseyTest.getTestContainerFactory(JerseyTest.java:273)
	at com.sun.jersey.test.framework.JerseyTest.&lt;init&gt;(JerseyTest.java:165)
	at com.agoda.test.AggregatorServiceTest.&lt;init&gt;(AggregatorServiceTest.java:18)
	at sun.reflect.NativeConstructorAccessorImpl.newInstance0(Native Method)
	at sun.reflect.NativeConstructorAccessorImpl.newInstance(NativeConstructorAccessorImpl.java:39)
	at sun.reflect.DelegatingConstructorAccessorImpl.newInstance(DelegatingConstructorAccessorImpl.java:27)
	at java.lang.reflect.Constructor.newInstance(Constructor.java:513)
	at org.junit.internal.runners.JUnit4ClassRunner.createTest(JUnit4ClassRunner.java:72)
	at org.junit.internal.runners.JUnit4ClassRunner.invokeTestMethod(JUnit4ClassRunner.java:79)
	at org.junit.internal.runners.JUnit4ClassRunner.runMethods(JUnit4ClassRunner.java:51)
	at org.junit.internal.runners.JUnit4ClassRunner$1.run(JUnit4ClassRunner.java:44)
	at org.junit.internal.runners.ClassRoadie.runUnprotected(ClassRoadie.java:27)
	at org.junit.internal.runners.ClassRoadie.runProtected(ClassRoadie.java:37)
	at org.junit.internal.runners.JUnit4ClassRunner.run(JUnit4ClassRunner.java:42)
	at org.apache.maven.surefire.junit4.JUnit4TestSet.execute(JUnit4TestSet.java:62)
	at org.apache.maven.surefire.suite.AbstractDirectoryTestSuite.executeTestSet(AbstractDirectoryTestSuite.java:140)
	at org.apache.maven.surefire.suite.AbstractDirectoryTestSuite.execute(AbstractDirectoryTestSuite.java:127)
	at org.apache.maven.surefire.Surefire.run(Surefire.java:177)
	at sun.reflect.NativeMethodAccessorImpl.invoke0(Native Method)
	at sun.reflect.NativeMethodAccessorImpl.invoke(NativeMethodAccessorImpl.java:39)
	at sun.reflect.DelegatingMethodAccessorImpl.invoke(DelegatingMethodAccessorImpl.java:25)
	at java.lang.reflect.Method.invoke(Method.java:597)
	at org.apache.maven.surefire.booter.SurefireBooter.runSuitesInProcess(SurefireBooter.java:345)
	at org.apache.maven.surefire.booter.SurefireBooter.main(SurefireBooter.java:1009)
Caused by: java.lang.NullPointerException
	at com.sun.jersey.test.framework.JerseyTest.getDefaultTestContainerFactory(JerseyTest.java:406)
	... 24 more
</error>
  </testcase>
</testsuite>